# JRE version: Java(TM) SE Runtime Environment (8.0_05-b13) (build 1.8.0_05-b13)
# Java VM: Java HotSpot(TM) 64-Bit Server VM (25.5-b02 mixed mode linux-amd64 compressed oops)
Heap:
 PSYoungGen      total 23552K, used 2029K [0x00000000f5980000, 0x00000000f7280000, 0x0000000100000000)
  eden space 21504K, 0% used [0x00000000f5980000,0x00000000f5980000,0x00000000f6e80000)
  from space 2048K, 99% used [0x00000000f6e80000,0x00000000f707b590,0x00000000f7080000)
  to   space 2048K, 0% used [0x00000000f7080000,0x00000000f7080000,0x00000000f7280000)
 ParOldGen       total 31232K, used 4165K [0x00000000e0c00000, 0x00000000e2a80000, 0x00000000f5980000)
  object space 31232K, 13% used [0x00000000e0c00000,0x00000000e1011748,0x00000000e2a80000)
 Metaspace       used 12404K, capacity 12698K, committed 12928K, reserved 1060864K
  class space    used 1563K, capacity 1654K, committed 1664K, reserved 1048576K
GC Heap History (10 events):
Event: 0.999 GC heap after
Heap after GC invocations=8 (full 0):
 PSYoungGen      total 9728K, used 779K [0x00000000f5980000, 0x00000000f6480000, 0x0000000100000000)
  eden space 8192K, 0% used [0x00000000f5980000,0x00000000f5980000,0x00000000f6180000)
  from space 1536K, 50% used [0x00000000f6300000,0x00000000f63c2e28,0x00000000f6480000)
  to   space 1536K, 0% used [0x00000000f6180000,0x00000000f6180000,0x00000000f6300000)
 ParOldGen       total 31232K, used 1425K [0x00000000e0c00000, 0x00000000e2a80000, 0x00000000f5980000)
  object space 31232K, 4% used [0x00000000e0c00000,0x00000000e0d64638,0x00000000e2a80000)
 Metaspace       used 6505K, capacity 6668K, committed 6784K, reserved 1056768K
  class space    used 806K, capacity 888K, committed 896K, reserved 1048576K
}
Event: 1.300 GC heap before
{Heap before GC invocations=9 (full 0):
 PSYoungGen      total 9728K, used 8971K [0x00000000f5980000, 0x00000000f6480000, 0x0000000100000000)
  eden space 8192K, 100% used [0x00000000f5980000,0x00000000f6180000,0x00000000f6180000)
  from space 1536K, 50% used [0x00000000f6300000,0x00000000f63c2e28,0x00000000f6480000)
  to   space 1536K, 0% used [0x00000000f6180000,0x00000000f6180000,0x00000000f6300000)
 ParOldGen       total 31232K, used 1425K [0x00000000e0c00000, 0x00000000e2a80000, 0x00000000f5980000)
  object space 31232K, 4% used [0x00000000e0c00000,0x00000000e0d64638,0x00000000e2a80000)
 Metaspace       used 6742K, capacity 6956K, committed 7168K, reserved 1056768K
  class space    used 844K, capacity 920K, committed 1024K, reserved 1048576K
Event: 1.334 GC heap after
Heap after GC invocations=9 (full 0):
 PSYoungGen      total 9728K, used 832K [0x00000000f5980000, 0x00000000f6980000, 0x0000000100000000)
  eden space 8192K, 0% used [0x00000000f5980000,0x00000000f5980000,0x00000000f6180000)
  from space 1536K, 54% used [0x00000000f6180000,0x00000000f6250020,0x00000000f6300000)
  to   space 1536K, 0% used [0x00000000f6800000,0x00000000f6800000,0x00000000f6980000)
 ParOldGen       total 31232K, used 1545K [0x00000000e0c00000, 0x00000000e2a80000, 0x00000000f5980000)
  object space 31232K, 4% used [0x00000000e0c00000,0x00000000e0d82638,0x00000000e2a80000)
 Metaspace       used 6742K, capacity 6956K, committed 7168K, reserved 1056768K
  class space    used 844K, capacity 920K, committed 1024K, reserved 1048576K
}
Event: 1.802 GC heap before
{Heap before GC invocations=10 (full 0):
 PSYoungGen      total 9728K, used 9024K [0x00000000f5980000, 0x00000000f6980000, 0x0000000100000000)
  eden space 8192K, 100% used [0x00000000f5980000,0x00000000f6180000,0x00000000f6180000)
  from space 1536K, 54% used [0x00000000f6180000,0x00000000f6250020,0x00000000f6300000)
  to   space 1536K, 0% used [0x00000000f6800000,0x00000000f6800000,0x00000000f6980000)
 ParOldGen       total 31232K, used 1545K [0x00000000e0c00000, 0x00000000e2a80000, 0x00000000f5980000)
  object space 31232K, 4% used [0x00000000e0c00000,0x00000000e0d82638,0x00000000e2a80000)
 Metaspace       used 7395K, capacity 7544K, committed 7680K, reserved 1056768K
  class space    used 939K, capacity 986K, committed 1024K, reserved 1048576K
Event: 1.808 GC heap after
Heap after GC invocations=10 (full 0):
 PSYoungGen      total 14848K, used 1038K [0x00000000f5980000, 0x00000000f6980000, 0x0000000100000000)
  eden space 13312K, 0% used [0x00000000f5980000,0x00000000f5980000,0x00000000f6680000)
  from space 1536K, 67% used [0x00000000f6800000,0x00000000f6903a80,0x00000000f6980000)
  to   space 1536K, 0% used [0x00000000f6680000,0x00000000f6680000,0x00000000f6800000)
 ParOldGen       total 31232K, used 1801K [0x00000000e0c00000, 0x00000000e2a80000, 0x00000000f5980000)
  object space 31232K, 5% used [0x00000000e0c00000,0x00000000e0dc2638,0x00000000e2a80000)
 Metaspace       used 7395K, capacity 7544K, committed 7680K, reserved 1056768K
  class space    used 939K, capacity 986K, committed 1024K, reserved 1048576K
}
Event: 2.323 GC heap before
{Heap before GC invocations=11 (full 0):
 PSYoungGen      total 14848K, used 14350K [0x00000000f5980000, 0x00000000f6980000, 0x0000000100000000)
  eden space 13312K, 100% used [0x00000000f5980000,0x00000000f6680000,0x00000000f6680000)
  from space 1536K, 67% used [0x00000000f6800000,0x00000000f6903a80,0x00000000f6980000)
  to   space 1536K, 0% used [0x00000000f6680000,0x00000000f6680000,0x00000000f6800000)
 ParOldGen       total 31232K, used 1801K [0x00000000e0c00000, 0x00000000e2a80000, 0x00000000f5980000)
  object space 31232K, 5% used [0x00000000e0c00000,0x00000000e0dc2638,0x00000000e2a80000)
 Metaspace       used 8958K, capacity 9106K, committed 9216K, reserved 1056768K
  class space    used 1166K, capacity 1246K, committed 1280K, reserved 1048576K
Event: 2.329 GC heap after
Heap after GC invocations=11 (full 0):
 PSYoungGen      total 14848K, used 1526K [0x00000000f5980000, 0x00000000f7280000, 0x0000000100000000)
  eden space 13312K, 0% used [0x00000000f5980000,0x00000000f5980000,0x00000000f6680000)
  from space 1536K, 99% used [0x00000000f6680000,0x00000000f67fd810,0x00000000f6800000)
  to   space 2048K, 0% used [0x00000000f7080000,0x00000000f7080000,0x00000000f7280000)
 ParOldGen       total 31232K, used 2645K [0x00000000e0c00000, 0x00000000e2a80000, 0x00000000f5980000)
  object space 31232K, 8% used [0x00000000e0c00000,0x00000000e0e954a8,0x00000000e2a80000)
 Metaspace       used 8958K, capacity 9106K, committed 9216K, reserved 1056768K
  class space    used 1166K, capacity 1246K, committed 1280K, reserved 1048576K
}
Event: 2.640 GC heap before
{Heap before GC invocations=12 (full 0):
 PSYoungGen      total 14848K, used 14838K [0x00000000f5980000, 0x00000000f7280000, 0x0000000100000000)
  eden space 13312K, 100% used [0x00000000f5980000,0x00000000f6680000,0x00000000f6680000)
  from space 1536K, 99% used [0x00000000f6680000,0x00000000f67fd810,0x00000000f6800000)
  to   space 2048K, 0% used [0x00000000f7080000,0x00000000f7080000,0x00000000f7280000)
 ParOldGen       total 31232K, used 2645K [0x00000000e0c00000, 0x00000000e2a80000, 0x00000000f5980000)
  object space 31232K, 8% used [0x00000000e0c00000,0x00000000e0e954a8,0x00000000e2a80000)
 Metaspace       used 10413K, capacity 10616K, committed 10624K, reserved 1058816K
  class space    used 1329K, capacity 1408K, committed 1408K, reserved 1048576K
Event: 2.645 GC heap after
Heap after GC invocations=12 (full 0):
 PSYoungGen      total 23552K, used 1809K [0x00000000f5980000, 0x00000000f7280000, 0x0000000100000000)
  eden space 21504K, 0% used [0x00000000f5980000,0x00000000f5980000,0x00000000f6e80000)
  from space 2048K, 88% used [0x00000000f7080000,0x00000000f7244678,0x00000000f7280000)
  to   space 2048K, 0% used [0x00000000f6e80000,0x00000000f6e80000,0x00000000f7080000)
 ParOldGen       total 31232K, used 3241K [0x00000000e0c00000, 0x00000000e2a80000, 0x00000000f5980000)
  object space 31232K, 10% used [0x00000000e0c00000,0x00000000e0f2a4b8,0x00000000e2a80000)
 Metaspace       used 10413K, capacity 10616K, committed 10624K, reserved 1058816K
  class space    used 1329K, capacity 1408K, committed 1408K, reserved 1048576K
}
Event: 4.088 GC heap before
{Heap before GC invocations=13 (full 0):
 PSYoungGen      total 23552K, used 23313K [0x00000000f5980000, 0x00000000f7280000, 0x0000000100000000)
  eden space 21504K, 100% used [0x00000000f5980000,0x00000000f6e80000,0x00000000f6e80000)
  from space 2048K, 88% used [0x00000000f7080000,0x00000000f7244678,0x00000000f7280000)
  to   space 2048K, 0% used [0x00000000f6e80000,0x00000000f6e80000,0x00000000f7080000)
 ParOldGen       total 31232K, used 3241K [0x00000000e0c00000, 0x00000000e2a80000, 0x00000000f5980000)
  object space 31232K, 10% used [0x00000000e0c00000,0x00000000e0f2a4b8,0x00000000e2a80000)
 Metaspace       used 12404K, capacity 12698K, committed 12928K, reserved 1060864K
  class space    used 1563K, capacity 1654K, committed 1664K, reserved 1048576K

