# JRE version: Java(TM) SE Runtime Environment (8.0_05-b13) (build 1.8.0_05-b13)
# Java VM: Java HotSpot(TM) 64-Bit Server VM (25.5-b02 mixed mode linux-amd64 compressed oops)
Heap:
 PSYoungGen      total 23552K, used 2034K [0x00000000f5980000, 0x00000000f7280000, 0x0000000100000000)
  eden space 21504K, 0% used [0x00000000f5980000,0x00000000f5980000,0x00000000f6e80000)
  from space 2048K, 99% used [0x00000000f6e80000,0x00000000f707cbb8,0x00000000f7080000)
  to   space 2048K, 0% used [0x00000000f7080000,0x00000000f7080000,0x00000000f7280000)
 ParOldGen       total 31232K, used 4284K [0x00000000e0c00000, 0x00000000e2a80000, 0x00000000f5980000)
  object space 31232K, 13% used [0x00000000e0c00000,0x00000000e102f338,0x00000000e2a80000)
 Metaspace       used 12443K, capacity 12794K, committed 13056K, reserved 1060864K
  class space    used 1570K, capacity 1686K, committed 1792K, reserved 1048576K
GC Heap History (10 events):
Event: 1.315 GC heap after
Heap after GC invocations=8 (full 0):
 PSYoungGen      total 9728K, used 771K [0x00000000f5980000, 0x00000000f6480000, 0x0000000100000000)
  eden space 8192K, 0% used [0x00000000f5980000,0x00000000f5980000,0x00000000f6180000)
  from space 1536K, 50% used [0x00000000f6300000,0x00000000f63c0cb8,0x00000000f6480000)
  to   space 1536K, 0% used [0x00000000f6180000,0x00000000f6180000,0x00000000f6300000)
 ParOldGen       total 31232K, used 1431K [0x00000000e0c00000, 0x00000000e2a80000, 0x00000000f5980000)
  object space 31232K, 4% used [0x00000000e0c00000,0x00000000e0d65d58,0x00000000e2a80000)
 Metaspace       used 6540K, capacity 6668K, committed 6784K, reserved 1056768K
  class space    used 807K, capacity 888K, committed 896K, reserved 1048576K
}
Event: 1.597 GC heap before
{Heap before GC invocations=9 (full 0):
 PSYoungGen      total 9728K, used 8963K [0x00000000f5980000, 0x00000000f6480000, 0x0000000100000000)
  eden space 8192K, 100% used [0x00000000f5980000,0x00000000f6180000,0x00000000f6180000)
  from space 1536K, 50% used [0x00000000f6300000,0x00000000f63c0cb8,0x00000000f6480000)
  to   space 1536K, 0% used [0x00000000f6180000,0x00000000f6180000,0x00000000f6300000)
 ParOldGen       total 31232K, used 1431K [0x00000000e0c00000, 0x00000000e2a80000, 0x00000000f5980000)
  object space 31232K, 4% used [0x00000000e0c00000,0x00000000e0d65d58,0x00000000e2a80000)
 Metaspace       used 6745K, capacity 6956K, committed 7168K, reserved 1056768K
  class space    used 844K, capacity 920K, committed 1024K, reserved 1048576K
Event: 1.602 GC heap after
Heap after GC invocations=9 (full 0):
 PSYoungGen      total 9728K, used 816K [0x00000000f5980000, 0x00000000f6980000, 0x0000000100000000)
  eden space 8192K, 0% used [0x00000000f5980000,0x00000000f5980000,0x00000000f6180000)
  from space 1536K, 53% used [0x00000000f6180000,0x00000000f624c010,0x00000000f6300000)
  to   space 1536K, 0% used [0x00000000f6800000,0x00000000f6800000,0x00000000f6980000)
 ParOldGen       total 31232K, used 1543K [0x00000000e0c00000, 0x00000000e2a80000, 0x00000000f5980000)
  object space 31232K, 4% used [0x00000000e0c00000,0x00000000e0d81d58,0x00000000e2a80000)
 Metaspace       used 6745K, capacity 6956K, committed 7168K, reserved 1056768K
  class space    used 844K, capacity 920K, committed 1024K, reserved 1048576K
}
Event: 1.967 GC heap before
{Heap before GC invocations=10 (full 0):
 PSYoungGen      total 9728K, used 9008K [0x00000000f5980000, 0x00000000f6980000, 0x0000000100000000)
  eden space 8192K, 100% used [0x00000000f5980000,0x00000000f6180000,0x00000000f6180000)
  from space 1536K, 53% used [0x00000000f6180000,0x00000000f624c010,0x00000000f6300000)
  to   space 1536K, 0% used [0x00000000f6800000,0x00000000f6800000,0x00000000f6980000)
 ParOldGen       total 31232K, used 1543K [0x00000000e0c00000, 0x00000000e2a80000, 0x00000000f5980000)
  object space 31232K, 4% used [0x00000000e0c00000,0x00000000e0d81d58,0x00000000e2a80000)
 Metaspace       used 7414K, capacity 7576K, committed 7680K, reserved 1056768K
  class space    used 940K, capacity 1018K, committed 1024K, reserved 1048576K
Event: 1.973 GC heap after
Heap after GC invocations=10 (full 0):
 PSYoungGen      total 14848K, used 1006K [0x00000000f5980000, 0x00000000f6980000, 0x0000000100000000)
  eden space 13312K, 0% used [0x00000000f5980000,0x00000000f5980000,0x00000000f6680000)
  from space 1536K, 65% used [0x00000000f6800000,0x00000000f68fba80,0x00000000f6980000)
  to   space 1536K, 0% used [0x00000000f6680000,0x00000000f6680000,0x00000000f6800000)
 ParOldGen       total 31232K, used 1799K [0x00000000e0c00000, 0x00000000e2a80000, 0x00000000f5980000)
  object space 31232K, 5% used [0x00000000e0c00000,0x00000000e0dc1d58,0x00000000e2a80000)
 Metaspace       used 7414K, capacity 7576K, committed 7680K, reserved 1056768K
  class space    used 940K, capacity 1018K, committed 1024K, reserved 1048576K
}
Event: 2.698 GC heap before
{Heap before GC invocations=11 (full 0):
 PSYoungGen      total 14848K, used 14318K [0x00000000f5980000, 0x00000000f6980000, 0x0000000100000000)
  eden space 13312K, 100% used [0x00000000f5980000,0x00000000f6680000,0x00000000f6680000)
  from space 1536K, 65% used [0x00000000f6800000,0x00000000f68fba80,0x00000000f6980000)
  to   space 1536K, 0% used [0x00000000f6680000,0x00000000f6680000,0x00000000f6800000)
 ParOldGen       total 31232K, used 1799K [0x00000000e0c00000, 0x00000000e2a80000, 0x00000000f5980000)
  object space 31232K, 5% used [0x00000000e0c00000,0x00000000e0dc1d58,0x00000000e2a80000)
 Metaspace       used 8964K, capacity 9106K, committed 9216K, reserved 1056768K
  class space    used 1166K, capacity 1246K, committed 1280K, reserved 1048576K
Event: 2.767 GC heap after
Heap after GC invocations=11 (full 0):
 PSYoungGen      total 14848K, used 1527K [0x00000000f5980000, 0x00000000f7280000, 0x0000000100000000)
  eden space 13312K, 0% used [0x00000000f5980000,0x00000000f5980000,0x00000000f6680000)
  from space 1536K, 99% used [0x00000000f6680000,0x00000000f67fde28,0x00000000f6800000)
  to   space 2048K, 0% used [0x00000000f7080000,0x00000000f7080000,0x00000000f7280000)
 ParOldGen       total 31232K, used 2718K [0x00000000e0c00000, 0x00000000e2a80000, 0x00000000f5980000)
  object space 31232K, 8% used [0x00000000e0c00000,0x00000000e0ea7b30,0x00000000e2a80000)
 Metaspace       used 8964K, capacity 9106K, committed 9216K, reserved 1056768K
  class space    used 1166K, capacity 1246K, committed 1280K, reserved 1048576K
}
Event: 3.563 GC heap before
{Heap before GC invocations=12 (full 0):
 PSYoungGen      total 14848K, used 14839K [0x00000000f5980000, 0x00000000f7280000, 0x0000000100000000)
  eden space 13312K, 100% used [0x00000000f5980000,0x00000000f6680000,0x00000000f6680000)
  from space 1536K, 99% used [0x00000000f6680000,0x00000000f67fde28,0x00000000f6800000)
  to   space 2048K, 0% used [0x00000000f7080000,0x00000000f7080000,0x00000000f7280000)
 ParOldGen       total 31232K, used 2718K [0x00000000e0c00000, 0x00000000e2a80000, 0x00000000f5980000)
  object space 31232K, 8% used [0x00000000e0c00000,0x00000000e0ea7b30,0x00000000e2a80000)
 Metaspace       used 10429K, capacity 10616K, committed 10624K, reserved 1058816K
  class space    used 1330K, capacity 1408K, committed 1408K, reserved 1048576K
Event: 3.582 GC heap after
Heap after GC invocations=12 (full 0):
 PSYoungGen      total 23552K, used 1829K [0x00000000f5980000, 0x00000000f7280000, 0x0000000100000000)
  eden space 21504K, 0% used [0x00000000f5980000,0x00000000f5980000,0x00000000f6e80000)
  from space 2048K, 89% used [0x00000000f7080000,0x00000000f72495d8,0x00000000f7280000)
  to   space 2048K, 0% used [0x00000000f6e80000,0x00000000f6e80000,0x00000000f7080000)
 ParOldGen       total 31232K, used 3326K [0x00000000e0c00000, 0x00000000e2a80000, 0x00000000f5980000)
  object space 31232K, 10% used [0x00000000e0c00000,0x00000000e0f3fb30,0x00000000e2a80000)
 Metaspace       used 10429K, capacity 10616K, committed 10624K, reserved 1058816K
  class space    used 1330K, capacity 1408K, committed 1408K, reserved 1048576K
}
Event: 5.673 GC heap before
{Heap before GC invocations=13 (full 0):
 PSYoungGen      total 23552K, used 23333K [0x00000000f5980000, 0x00000000f7280000, 0x0000000100000000)
  eden space 21504K, 100% used [0x00000000f5980000,0x00000000f6e80000,0x00000000f6e80000)
  from space 2048K, 89% used [0x00000000f7080000,0x00000000f72495d8,0x00000000f7280000)
  to   space 2048K, 0% used [0x00000000f6e80000,0x00000000f6e80000,0x00000000f7080000)
 ParOldGen       total 31232K, used 3326K [0x00000000e0c00000, 0x00000000e2a80000, 0x00000000f5980000)
  object space 31232K, 10% used [0x00000000e0c00000,0x00000000e0f3fb30,0x00000000e2a80000)
 Metaspace       used 12443K, capacity 12794K, committed 13056K, reserved 1060864K
  class space    used 1570K, capacity 1686K, committed 1792K, reserved 1048576K

