# JRE version: Java(TM) SE Runtime Environment (8.0_05-b13) (build 1.8.0_05-b13)
# Java VM: Java HotSpot(TM) 64-Bit Server VM (25.5-b02 mixed mode linux-amd64 compressed oops)
Heap:
 PSYoungGen      total 57344K, used 2815K [0x00000000f5980000, 0x00000000f9500000, 0x0000000100000000)
  eden space 53760K, 0% used [0x00000000f5980000,0x00000000f5980000,0x00000000f8e00000)
  from space 3584K, 78% used [0x00000000f8e00000,0x00000000f90bfe10,0x00000000f9180000)
  to   space 3584K, 0% used [0x00000000f9180000,0x00000000f9180000,0x00000000f9500000)
 ParOldGen       total 31232K, used 12768K [0x00000000e0c00000, 0x00000000e2a80000, 0x00000000f5980000)
  object space 31232K, 40% used [0x00000000e0c00000,0x00000000e1878310,0x00000000e2a80000)
 Metaspace       used 17006K, capacity 17662K, committed 17920K, reserved 1064960K
  class space    used 2019K, capacity 2275K, committed 2304K, reserved 1048576K
GC Heap History (10 events):
Event: 2.622 GC heap after
Heap after GC invocations=16 (full 0):
 PSYoungGen      total 29696K, used 2560K [0x00000000f5980000, 0x00000000f7c00000, 0x0000000100000000)
  eden space 27136K, 0% used [0x00000000f5980000,0x00000000f5980000,0x00000000f7400000)
  from space 2560K, 100% used [0x00000000f7780000,0x00000000f7a00000,0x00000000f7a00000)
  to   space 3584K, 0% used [0x00000000f7400000,0x00000000f7400000,0x00000000f7780000)
 ParOldGen       total 31232K, used 6687K [0x00000000e0c00000, 0x00000000e2a80000, 0x00000000f5980000)
  object space 31232K, 21% used [0x00000000e0c00000,0x00000000e1287fa8,0x00000000e2a80000)
 Metaspace       used 12770K, capacity 13002K, committed 13312K, reserved 1060864K
  class space    used 1601K, capacity 1686K, committed 1792K, reserved 1048576K
}
Event: 3.172 GC heap before
{Heap before GC invocations=17 (full 0):
 PSYoungGen      total 29696K, used 29696K [0x00000000f5980000, 0x00000000f7c00000, 0x0000000100000000)
  eden space 27136K, 100% used [0x00000000f5980000,0x00000000f7400000,0x00000000f7400000)
  from space 2560K, 100% used [0x00000000f7780000,0x00000000f7a00000,0x00000000f7a00000)
  to   space 3584K, 0% used [0x00000000f7400000,0x00000000f7400000,0x00000000f7780000)
 ParOldGen       total 31232K, used 6687K [0x00000000e0c00000, 0x00000000e2a80000, 0x00000000f5980000)
  object space 31232K, 21% used [0x00000000e0c00000,0x00000000e1287fa8,0x00000000e2a80000)
 Metaspace       used 12935K, capacity 13226K, committed 13568K, reserved 1060864K
  class space    used 1606K, capacity 1718K, committed 1792K, reserved 1048576K
Event: 3.182 GC heap after
Heap after GC invocations=17 (full 0):
 PSYoungGen      total 30720K, used 1755K [0x00000000f5980000, 0x00000000f8600000, 0x0000000100000000)
  eden space 27136K, 0% used [0x00000000f5980000,0x00000000f5980000,0x00000000f7400000)
  from space 3584K, 48% used [0x00000000f7400000,0x00000000f75b6fc8,0x00000000f7780000)
  to   space 3584K, 0% used [0x00000000f8280000,0x00000000f8280000,0x00000000f8600000)
 ParOldGen       total 31232K, used 7888K [0x00000000e0c00000, 0x00000000e2a80000, 0x00000000f5980000)
  object space 31232K, 25% used [0x00000000e0c00000,0x00000000e13b4310,0x00000000e2a80000)
 Metaspace       used 12935K, capacity 13226K, committed 13568K, reserved 1060864K
  class space    used 1606K, capacity 1718K, committed 1792K, reserved 1048576K
}
Event: 4.029 GC heap before
{Heap before GC invocations=18 (full 0):
 PSYoungGen      total 30720K, used 28891K [0x00000000f5980000, 0x00000000f8600000, 0x0000000100000000)
  eden space 27136K, 100% used [0x00000000f5980000,0x00000000f7400000,0x00000000f7400000)
  from space 3584K, 48% used [0x00000000f7400000,0x00000000f75b6fc8,0x00000000f7780000)
  to   space 3584K, 0% used [0x00000000f8280000,0x00000000f8280000,0x00000000f8600000)
 ParOldGen       total 31232K, used 7888K [0x00000000e0c00000, 0x00000000e2a80000, 0x00000000f5980000)
  object space 31232K, 25% used [0x00000000e0c00000,0x00000000e13b4310,0x00000000e2a80000)
 Metaspace       used 13135K, capacity 13418K, committed 13568K, reserved 1060864K
  class space    used 1608K, capacity 1718K, committed 1792K, reserved 1048576K
Event: 4.043 GC heap after
Heap after GC invocations=18 (full 0):
 PSYoungGen      total 41984K, used 1184K [0x00000000f5980000, 0x00000000f8600000, 0x0000000100000000)
  eden space 38400K, 0% used [0x00000000f5980000,0x00000000f5980000,0x00000000f7f00000)
  from space 3584K, 33% used [0x00000000f8280000,0x00000000f83a8000,0x00000000f8600000)
  to   space 3584K, 0% used [0x00000000f7f00000,0x00000000f7f00000,0x00000000f8280000)
 ParOldGen       total 31232K, used 9336K [0x00000000e0c00000, 0x00000000e2a80000, 0x00000000f5980000)
  object space 31232K, 29% used [0x00000000e0c00000,0x00000000e151e310,0x00000000e2a80000)
 Metaspace       used 13135K, capacity 13418K, committed 13568K, reserved 1060864K
  class space    used 1608K, capacity 1718K, committed 1792K, reserved 1048576K
}
Event: 4.712 GC heap before
{Heap before GC invocations=19 (full 0):
 PSYoungGen      total 41984K, used 39584K [0x00000000f5980000, 0x00000000f8600000, 0x0000000100000000)
  eden space 38400K, 100% used [0x00000000f5980000,0x00000000f7f00000,0x00000000f7f00000)
  from space 3584K, 33% used [0x00000000f8280000,0x00000000f83a8000,0x00000000f8600000)
  to   space 3584K, 0% used [0x00000000f7f00000,0x00000000f7f00000,0x00000000f8280000)
 ParOldGen       total 31232K, used 9336K [0x00000000e0c00000, 0x00000000e2a80000, 0x00000000f5980000)
  object space 31232K, 29% used [0x00000000e0c00000,0x00000000e151e310,0x00000000e2a80000)
 Metaspace       used 13770K, capacity 14138K, committed 14464K, reserved 1062912K
  class space    used 1670K, capacity 1830K, committed 1920K, reserved 1048576K
Event: 4.725 GC heap after
Heap after GC invocations=19 (full 0):
 PSYoungGen      total 41984K, used 2420K [0x00000000f5980000, 0x00000000f9500000, 0x0000000100000000)
  eden space 38400K, 0% used [0x00000000f5980000,0x00000000f5980000,0x00000000f7f00000)
  from space 3584K, 67% used [0x00000000f7f00000,0x00000000f815d2a0,0x00000000f8280000)
  to   space 3584K, 0% used [0x00000000f9180000,0x00000000f9180000,0x00000000f9500000)
 ParOldGen       total 31232K, used 10352K [0x00000000e0c00000, 0x00000000e2a80000, 0x00000000f5980000)
  object space 31232K, 33% used [0x00000000e0c00000,0x00000000e161c310,0x00000000e2a80000)
 Metaspace       used 13770K, capacity 14138K, committed 14464K, reserved 1062912K
  class space    used 1670K, capacity 1830K, committed 1920K, reserved 1048576K
}
Event: 5.615 GC heap before
{Heap before GC invocations=20 (full 0):
 PSYoungGen      total 41984K, used 40820K [0x00000000f5980000, 0x00000000f9500000, 0x0000000100000000)
  eden space 38400K, 100% used [0x00000000f5980000,0x00000000f7f00000,0x00000000f7f00000)
  from space 3584K, 67% used [0x00000000f7f00000,0x00000000f815d2a0,0x00000000f8280000)
  to   space 3584K, 0% used [0x00000000f9180000,0x00000000f9180000,0x00000000f9500000)
 ParOldGen       total 31232K, used 10352K [0x00000000e0c00000, 0x00000000e2a80000, 0x00000000f5980000)
  object space 31232K, 33% used [0x00000000e0c00000,0x00000000e161c310,0x00000000e2a80000)
 Metaspace       used 14728K, capacity 15240K, committed 15616K, reserved 1062912K
  class space    used 1744K, capacity 1938K, committed 2048K, reserved 1048576K
Event: 5.638 GC heap after
Heap after GC invocations=20 (full 0):
 PSYoungGen      total 57344K, used 1891K [0x00000000f5980000, 0x00000000f9500000, 0x0000000100000000)
  eden space 53760K, 0% used [0x00000000f5980000,0x00000000f5980000,0x00000000f8e00000)
  from space 3584K, 52% used [0x00000000f9180000,0x00000000f9358ed8,0x00000000f9500000)
  to   space 3584K, 0% used [0x00000000f8e00000,0x00000000f8e00000,0x00000000f9180000)
 ParOldGen       total 31232K, used 11792K [0x00000000e0c00000, 0x00000000e2a80000, 0x00000000f5980000)
  object space 31232K, 37% used [0x00000000e0c00000,0x00000000e1784310,0x00000000e2a80000)
 Metaspace       used 14728K, capacity 15240K, committed 15616K, reserved 1062912K
  class space    used 1744K, capacity 1938K, committed 2048K, reserved 1048576K
}
Event: 7.962 GC heap before
{Heap before GC invocations=21 (full 0):
 PSYoungGen      total 57344K, used 55651K [0x00000000f5980000, 0x00000000f9500000, 0x0000000100000000)
  eden space 53760K, 100% used [0x00000000f5980000,0x00000000f8e00000,0x00000000f8e00000)
  from space 3584K, 52% used [0x00000000f9180000,0x00000000f9358ed8,0x00000000f9500000)
  to   space 3584K, 0% used [0x00000000f8e00000,0x00000000f8e00000,0x00000000f9180000)
 ParOldGen       total 31232K, used 11792K [0x00000000e0c00000, 0x00000000e2a80000, 0x00000000f5980000)
  object space 31232K, 37% used [0x00000000e0c00000,0x00000000e1784310,0x00000000e2a80000)
 Metaspace       used 17006K, capacity 17662K, committed 17920K, reserved 1064960K
  class space    used 2019K, capacity 2275K, committed 2304K, reserved 1048576K

