# JRE version: Java(TM) SE Runtime Environment (8.0_05-b13) (build 1.8.0_05-b13)
# Java VM: Java HotSpot(TM) 64-Bit Server VM (25.5-b02 mixed mode linux-amd64 compressed oops)
Heap:
 PSYoungGen      total 23552K, used 2299K [0x00000000f5980000, 0x00000000f7380000, 0x0000000100000000)
  eden space 20992K, 0% used [0x00000000f5980000,0x00000000f5980000,0x00000000f6e00000)
  from space 2560K, 89% used [0x00000000f6e00000,0x00000000f703eeb8,0x00000000f7080000)
  to   space 2048K, 0% used [0x00000000f7080000,0x00000000f7080000,0x00000000f7280000)
 ParOldGen       total 31232K, used 3923K [0x00000000e0c00000, 0x00000000e2a80000, 0x00000000f5980000)
  object space 31232K, 12% used [0x00000000e0c00000,0x00000000e0fd4dc8,0x00000000e2a80000)
 Metaspace       used 12399K, capacity 12698K, committed 12928K, reserved 1060864K
  class space    used 1557K, capacity 1654K, committed 1664K, reserved 1048576K
GC Heap History (10 events):
Event: 1.559 GC heap after
Heap after GC invocations=8 (full 0):
 PSYoungGen      total 9728K, used 803K [0x00000000f5980000, 0x00000000f6480000, 0x0000000100000000)
  eden space 8192K, 0% used [0x00000000f5980000,0x00000000f5980000,0x00000000f6180000)
  from space 1536K, 52% used [0x00000000f6300000,0x00000000f63c8cb8,0x00000000f6480000)
  to   space 1536K, 0% used [0x00000000f6180000,0x00000000f6180000,0x00000000f6300000)
 ParOldGen       total 31232K, used 1433K [0x00000000e0c00000, 0x00000000e2a80000, 0x00000000f5980000)
  object space 31232K, 4% used [0x00000000e0c00000,0x00000000e0d66690,0x00000000e2a80000)
 Metaspace       used 6540K, capacity 6732K, committed 6784K, reserved 1056768K
  class space    used 806K, capacity 888K, committed 896K, reserved 1048576K
}
Event: 1.739 GC heap before
{Heap before GC invocations=9 (full 0):
 PSYoungGen      total 9728K, used 8995K [0x00000000f5980000, 0x00000000f6480000, 0x0000000100000000)
  eden space 8192K, 100% used [0x00000000f5980000,0x00000000f6180000,0x00000000f6180000)
  from space 1536K, 52% used [0x00000000f6300000,0x00000000f63c8cb8,0x00000000f6480000)
  to   space 1536K, 0% used [0x00000000f6180000,0x00000000f6180000,0x00000000f6300000)
 ParOldGen       total 31232K, used 1433K [0x00000000e0c00000, 0x00000000e2a80000, 0x00000000f5980000)
  object space 31232K, 4% used [0x00000000e0c00000,0x00000000e0d66690,0x00000000e2a80000)
 Metaspace       used 6745K, capacity 6956K, committed 7168K, reserved 1056768K
  class space    used 844K, capacity 920K, committed 1024K, reserved 1048576K
Event: 1.741 GC heap after
Heap after GC invocations=9 (full 0):
 PSYoungGen      total 9728K, used 855K [0x00000000f5980000, 0x00000000f6980000, 0x0000000100000000)
  eden space 8192K, 0% used [0x00000000f5980000,0x00000000f5980000,0x00000000f6180000)
  from space 1536K, 55% used [0x00000000f6180000,0x00000000f6255e90,0x00000000f6300000)
  to   space 1536K, 0% used [0x00000000f6800000,0x00000000f6800000,0x00000000f6980000)
 ParOldGen       total 31232K, used 1545K [0x00000000e0c00000, 0x00000000e2a80000, 0x00000000f5980000)
  object space 31232K, 4% used [0x00000000e0c00000,0x00000000e0d82690,0x00000000e2a80000)
 Metaspace       used 6745K, capacity 6956K, committed 7168K, reserved 1056768K
  class space    used 844K, capacity 920K, committed 1024K, reserved 1048576K
}
Event: 1.991 GC heap before
{Heap before GC invocations=10 (full 0):
 PSYoungGen      total 9728K, used 9047K [0x00000000f5980000, 0x00000000f6980000, 0x0000000100000000)
  eden space 8192K, 100% used [0x00000000f5980000,0x00000000f6180000,0x00000000f6180000)
  from space 1536K, 55% used [0x00000000f6180000,0x00000000f6255e90,0x00000000f6300000)
  to   space 1536K, 0% used [0x00000000f6800000,0x00000000f6800000,0x00000000f6980000)
 ParOldGen       total 31232K, used 1545K [0x00000000e0c00000, 0x00000000e2a80000, 0x00000000f5980000)
  object space 31232K, 4% used [0x00000000e0c00000,0x00000000e0d82690,0x00000000e2a80000)
 Metaspace       used 7425K, capacity 7544K, committed 7680K, reserved 1056768K
  class space    used 939K, capacity 986K, committed 1024K, reserved 1048576K
Event: 1.994 GC heap after
Heap after GC invocations=10 (full 0):
 PSYoungGen      total 14848K, used 1038K [0x00000000f5980000, 0x00000000f6980000, 0x0000000100000000)
  eden space 13312K, 0% used [0x00000000f5980000,0x00000000f5980000,0x00000000f6680000)
  from space 1536K, 67% used [0x00000000f6800000,0x00000000f6903a80,0x00000000f6980000)
  to   space 1536K, 0% used [0x00000000f6680000,0x00000000f6680000,0x00000000f6800000)
 ParOldGen       total 31232K, used 1793K [0x00000000e0c00000, 0x00000000e2a80000, 0x00000000f5980000)
  object space 31232K, 5% used [0x00000000e0c00000,0x00000000e0dc0690,0x00000000e2a80000)
 Metaspace       used 7425K, capacity 7544K, committed 7680K, reserved 1056768K
  class space    used 939K, capacity 986K, committed 1024K, reserved 1048576K
}
Event: 2.332 GC heap before
{Heap before GC invocations=11 (full 0):
 PSYoungGen      total 14848K, used 14350K [0x00000000f5980000, 0x00000000f6980000, 0x0000000100000000)
  eden space 13312K, 100% used [0x00000000f5980000,0x00000000f6680000,0x00000000f6680000)
  from space 1536K, 67% used [0x00000000f6800000,0x00000000f6903a80,0x00000000f6980000)
  to   space 1536K, 0% used [0x00000000f6680000,0x00000000f6680000,0x00000000f6800000)
 ParOldGen       total 31232K, used 1793K [0x00000000e0c00000, 0x00000000e2a80000, 0x00000000f5980000)
  object space 31232K, 5% used [0x00000000e0c00000,0x00000000e0dc0690,0x00000000e2a80000)
 Metaspace       used 8966K, capacity 9106K, committed 9216K, reserved 1056768K
  class space    used 1165K, capacity 1246K, committed 1280K, reserved 1048576K
Event: 2.338 GC heap after
Heap after GC invocations=11 (full 0):
 PSYoungGen      total 14848K, used 1527K [0x00000000f5980000, 0x00000000f7280000, 0x0000000100000000)
  eden space 13312K, 0% used [0x00000000f5980000,0x00000000f5980000,0x00000000f6680000)
  from space 1536K, 99% used [0x00000000f6680000,0x00000000f67fde28,0x00000000f6800000)
  to   space 2048K, 0% used [0x00000000f7080000,0x00000000f7080000,0x00000000f7280000)
 ParOldGen       total 31232K, used 2719K [0x00000000e0c00000, 0x00000000e2a80000, 0x00000000f5980000)
  object space 31232K, 8% used [0x00000000e0c00000,0x00000000e0ea7db8,0x00000000e2a80000)
 Metaspace       used 8966K, capacity 9106K, committed 9216K, reserved 1056768K
  class space    used 1165K, capacity 1246K, committed 1280K, reserved 1048576K
}
Event: 3.092 GC heap before
{Heap before GC invocations=12 (full 0):
 PSYoungGen      total 14848K, used 14839K [0x00000000f5980000, 0x00000000f7280000, 0x0000000100000000)
  eden space 13312K, 100% used [0x00000000f5980000,0x00000000f6680000,0x00000000f6680000)
  from space 1536K, 99% used [0x00000000f6680000,0x00000000f67fde28,0x00000000f6800000)
  to   space 2048K, 0% used [0x00000000f7080000,0x00000000f7080000,0x00000000f7280000)
 ParOldGen       total 31232K, used 2719K [0x00000000e0c00000, 0x00000000e2a80000, 0x00000000f5980000)
  object space 31232K, 8% used [0x00000000e0c00000,0x00000000e0ea7db8,0x00000000e2a80000)
 Metaspace       used 10456K, capacity 10616K, committed 10624K, reserved 1058816K
  class space    used 1330K, capacity 1408K, committed 1408K, reserved 1048576K
Event: 3.104 GC heap after
Heap after GC invocations=12 (full 0):
 PSYoungGen      total 23040K, used 1866K [0x00000000f5980000, 0x00000000f7380000, 0x0000000100000000)
  eden space 20992K, 0% used [0x00000000f5980000,0x00000000f5980000,0x00000000f6e00000)
  from space 2048K, 91% used [0x00000000f7080000,0x00000000f7252a40,0x00000000f7280000)
  to   space 2560K, 0% used [0x00000000f6e00000,0x00000000f6e00000,0x00000000f7080000)
 ParOldGen       total 31232K, used 3323K [0x00000000e0c00000, 0x00000000e2a80000, 0x00000000f5980000)
  object space 31232K, 10% used [0x00000000e0c00000,0x00000000e0f3edc8,0x00000000e2a80000)
 Metaspace       used 10456K, capacity 10616K, committed 10624K, reserved 1058816K
  class space    used 1330K, capacity 1408K, committed 1408K, reserved 1048576K
}
Event: 7.039 GC heap before
{Heap before GC invocations=13 (full 0):
 PSYoungGen      total 23040K, used 22858K [0x00000000f5980000, 0x00000000f7380000, 0x0000000100000000)
  eden space 20992K, 100% used [0x00000000f5980000,0x00000000f6e00000,0x00000000f6e00000)
  from space 2048K, 91% used [0x00000000f7080000,0x00000000f7252a40,0x00000000f7280000)
  to   space 2560K, 0% used [0x00000000f6e00000,0x00000000f6e00000,0x00000000f7080000)
 ParOldGen       total 31232K, used 3323K [0x00000000e0c00000, 0x00000000e2a80000, 0x00000000f5980000)
  object space 31232K, 10% used [0x00000000e0c00000,0x00000000e0f3edc8,0x00000000e2a80000)
 Metaspace       used 12399K, capacity 12698K, committed 12928K, reserved 1060864K
  class space    used 1557K, capacity 1654K, committed 1664K, reserved 1048576K

